2019-03-11 20:57:19,545 - Drive2Local Log File
2019-03-11 20:57:33,612 - Downloading, G3 Drive2Local Project Documentation
2019-03-11 20:57:34,773 - Download complete, G3 Drive2Local Project Documentation

2019-03-11 20:57:34,773 - Downloading, 425 HW2.pdf
2019-03-11 20:57:35,164 - Download complete, 425 HW2.pdf

2019-03-11 20:57:35,164 - Downloading, 已导入的文件 (2).pdf
2019-03-11 20:57:35,588 - Download complete, 已导入的文件 (2).pdf

2019-03-11 20:57:35,588 - Downloading, 已导入的文件.pdf
2019-03-11 20:57:36,080 - Download complete, 已导入的文件.pdf

2019-03-11 20:57:36,080 - Downloading, 备注 2018年11月12日.pdf
2019-03-11 20:57:36,525 - Error: Could not download file 备注 2018年11月12日.pdf<class 'KeyboardInterrupt'>

2019-03-11 20:57:36,525 - Downloading, ClarkChen_Resume.pdf
2019-03-11 20:57:36,557 - Download complete, ClarkChen_Resume.pdf

2019-03-11 20:57:36,557 - Downloading, Task_and_Assignment_Breakdown
2019-03-11 20:57:37,883 - Download complete, Task_and_Assignment_Breakdown

2019-03-11 20:57:37,883 - Downloading, Task_and_Assignment_Breakdown.xlsx
2019-03-11 20:57:38,216 - Download complete, Task_and_Assignment_Breakdown.xlsx

2019-03-11 20:57:38,216 - Downloading, Resume
2019-03-11 20:57:39,177 - Download complete, Resume

2019-03-11 20:57:39,177 - Downloading, 备注 2018年11月10日.pdf
2019-03-11 20:57:39,353 - Error: Could not download file 备注 2018年11月10日.pdf<class 'KeyboardInterrupt'>

2019-03-11 20:57:39,354 - Downloading, 备注 2018年10月1日.pdf
2019-03-11 20:57:39,597 - Download complete, 备注 2018年10月1日.pdf

2019-03-11 20:57:39,597 - Downloading, 备注 2018年5月2日.pdf
2019-03-11 20:57:39,755 - Error: Could not download file 备注 2018年5月2日.pdf<class 'KeyboardInterrupt'>

2019-03-11 20:57:39,755 - Downloading, 备注 2018年5月1日.pdf
2019-03-11 20:57:40,382 - Error: Could not download file 备注 2018年5月1日.pdf<class 'KeyboardInterrupt'>

2019-03-11 20:57:40,382 - Downloading, 备注 2018年4月26日.pdf
2019-03-11 20:57:40,882 - Error: Could not download file 备注 2018年4月26日.pdf<class 'KeyboardInterrupt'>

2019-03-11 20:57:40,882 - Downloading, § 8.2 Series.pdf
2019-03-11 20:57:40,965 - Error: Could not download file § 8.2 Series.pdf<class 'KeyboardInterrupt'>

2019-03-11 20:57:40,966 - Downloading, 备注 2018年4月16日.pdf
2019-03-11 20:57:41,050 - Error: Could not download file 备注 2018年4月16日.pdf<class 'KeyboardInterrupt'>

2019-03-11 20:57:41,050 - Downloading, 备注 2018年4月25日.pdf
2019-03-11 20:57:41,132 - Error: Could not download file 备注 2018年4月25日.pdf<class 'KeyboardInterrupt'>

2019-03-11 20:57:41,133 - Downloading, 备注 2018年4月20日.pdf
2019-03-11 20:57:41,218 - Error: Could not download file 备注 2018年4月20日.pdf<class 'KeyboardInterrupt'>

2019-03-11 20:57:41,218 - Downloading, § 8.3 The integral test and comparison tests.pdf
2019-03-11 20:57:41,302 - Error: Could not download file § 8.3 The integral test and comparison tests.pdf<class 'KeyboardInterrupt'>

2019-03-11 20:57:41,302 - Downloading, 备注 2018年4月18日.pdf
2019-03-11 20:57:41,385 - Error: Could not download file 备注 2018年4月18日.pdf<class 'KeyboardInterrupt'>

2019-03-11 20:57:41,385 - Downloading, § 8.1 Sequences.pdf
2019-03-11 20:57:41,469 - Error: Could not download file § 8.1 Sequences.pdf<class 'KeyboardInterrupt'>

2019-03-11 20:57:41,469 - Downloading, 备注 2018年4月4日 (2).pdf
2019-03-11 20:57:41,553 - Error: Could not download file 备注 2018年4月4日 (2).pdf<class 'KeyboardInterrupt'>

2019-03-11 20:57:41,553 - Downloading,  2018年1月8日 .pdf
2019-03-11 20:57:41,637 - Error: Could not download file  2018年1月8日 .pdf<class 'KeyboardInterrupt'>

2019-03-11 20:57:41,637 - Downloading, 备注 2018年4月2日 (2).pdf
2019-03-11 20:57:41,720 - Error: Could not download file 备注 2018年4月2日 (2).pdf<class 'KeyboardInterrupt'>

2019-03-11 20:57:41,720 - Downloading, 2018年1月16日.pdf
2019-03-11 20:57:41,804 - Error: Could not download file 2018年1月16日.pdf<class 'KeyboardInterrupt'>

2019-03-11 20:57:41,805 - Downloading, 备注 2018年3月16日.pdf
2019-03-11 20:57:41,888 - Error: Could not download file 备注 2018年3月16日.pdf<class 'KeyboardInterrupt'>

2019-03-11 20:57:41,889 - Downloading, 备注 2018年1月26日.pdf
2019-03-11 20:57:41,972 - Error: Could not download file 备注 2018年1月26日.pdf<class 'KeyboardInterrupt'>

2019-03-11 20:57:41,972 - Downloading, 2018年1月11日.pdf
2019-03-11 20:57:42,056 - Error: Could not download file 2018年1月11日.pdf<class 'KeyboardInterrupt'>

2019-03-11 20:57:42,057 - Downloading, 2018年1月9日.pdf
2019-03-11 20:57:42,139 - Error: Could not download file 2018年1月9日.pdf<class 'KeyboardInterrupt'>

2019-03-11 20:57:42,140 - Downloading, 备注 2018年1月24日.pdf
2019-03-11 20:57:42,225 - Error: Could not download file 备注 2018年1月24日.pdf<class 'KeyboardInterrupt'>

2019-03-11 20:57:42,225 - Downloading, 2018年1月12日.pdf
2019-03-11 20:57:42,308 - Error: Could not download file 2018年1月12日.pdf<class 'KeyboardInterrupt'>

2019-03-11 20:57:42,309 - Downloading, testing.pdf
2019-03-11 20:57:42,392 - Error: Could not download file testing.pdf<class 'KeyboardInterrupt'>

2019-03-11 20:57:42,392 - Downloading, 2018年1月19日.pdf
2019-03-11 20:57:42,476 - Error: Could not download file 2018年1月19日.pdf<class 'KeyboardInterrupt'>

2019-03-11 20:57:42,477 - Downloading, 备注 2018年1月29日.pdf
2019-03-11 20:57:42,559 - Error: Could not download file 备注 2018年1月29日.pdf<class 'KeyboardInterrupt'>

2019-03-11 20:57:42,560 - Downloading, 备注 2018年4月2日.pdf
2019-03-11 20:57:42,644 - Error: Could not download file 备注 2018年4月2日.pdf<class 'KeyboardInterrupt'>

2019-03-11 20:57:42,645 - Downloading, 9N6B9602.jpg
2019-03-11 20:57:42,727 - Error: Could not download file 9N6B9602.jpg<class 'KeyboardInterrupt'>

2019-03-11 20:57:42,727 - Downloading, 9N6B9810.jpg
2019-03-11 20:57:42,812 - Error: Could not download file 9N6B9810.jpg<class 'KeyboardInterrupt'>

2019-03-11 20:57:42,813 - Downloading, 9N6B9806.jpg
2019-03-11 20:57:42,894 - Error: Could not download file 9N6B9806.jpg<class 'KeyboardInterrupt'>

2019-03-11 20:57:42,894 - Downloading, 9N6B9799.jpg
2019-03-11 20:57:42,977 - Error: Could not download file 9N6B9799.jpg<class 'KeyboardInterrupt'>

2019-03-11 20:57:42,977 - Downloading, 9N6B9798.jpg
2019-03-11 20:57:43,060 - Error: Could not download file 9N6B9798.jpg<class 'KeyboardInterrupt'>

2019-03-11 20:57:43,061 - Downloading, 9N6B9795.jpg
2019-03-11 20:57:43,145 - Error: Could not download file 9N6B9795.jpg<class 'KeyboardInterrupt'>

2019-03-11 20:57:43,145 - Downloading, 9N6B9793.jpg
2019-03-11 20:57:43,228 - Error: Could not download file 9N6B9793.jpg<class 'KeyboardInterrupt'>

2019-03-11 20:57:43,228 - Downloading, 9N6B9792.jpg
2019-03-11 20:57:43,311 - Error: Could not download file 9N6B9792.jpg<class 'KeyboardInterrupt'>

2019-03-11 20:57:43,311 - Downloading, 9N6B9790.jpg
2019-03-11 20:57:43,395 - Error: Could not download file 9N6B9790.jpg<class 'KeyboardInterrupt'>

2019-03-11 20:57:43,395 - Downloading, 9N6B9788.jpg
2019-03-11 20:57:43,477 - Error: Could not download file 9N6B9788.jpg<class 'KeyboardInterrupt'>

2019-03-11 20:57:43,478 - Downloading, 9N6B9786.jpg
2019-03-11 20:57:43,561 - Error: Could not download file 9N6B9786.jpg<class 'KeyboardInterrupt'>

2019-03-11 20:57:43,561 - Downloading, 9N6B9783.jpg
2019-03-11 20:57:43,645 - Error: Could not download file 9N6B9783.jpg<class 'KeyboardInterrupt'>

2019-03-11 20:57:43,645 - Downloading, 9N6B9781.jpg
2019-03-11 20:57:43,727 - Error: Could not download file 9N6B9781.jpg<class 'KeyboardInterrupt'>

2019-03-11 20:57:43,727 - Downloading, 9N6B9778.jpg
2019-03-11 20:57:43,811 - Error: Could not download file 9N6B9778.jpg<class 'KeyboardInterrupt'>

2019-03-11 20:57:43,812 - Downloading, 9N6B9773.jpg
2019-03-11 20:57:43,894 - Error: Could not download file 9N6B9773.jpg<class 'KeyboardInterrupt'>

2019-03-11 20:57:43,894 - Downloading, 9N6B9770.jpg
2019-03-11 20:57:43,977 - Error: Could not download file 9N6B9770.jpg<class 'KeyboardInterrupt'>

2019-03-11 20:57:43,978 - Downloading, 9N6B9766.jpg
2019-03-11 20:57:44,062 - Error: Could not download file 9N6B9766.jpg<class 'KeyboardInterrupt'>

2019-03-11 20:57:44,062 - Downloading, 9N6B9762.jpg
2019-03-11 20:57:44,145 - Error: Could not download file 9N6B9762.jpg<class 'KeyboardInterrupt'>

2019-03-11 20:57:44,146 - Downloading, 9N6B9761.jpg
2019-03-11 20:57:44,229 - Error: Could not download file 9N6B9761.jpg<class 'KeyboardInterrupt'>

2019-03-11 20:57:44,230 - Downloading, 9N6B9755.jpg
2019-03-11 20:57:44,312 - Error: Could not download file 9N6B9755.jpg<class 'KeyboardInterrupt'>

2019-03-11 20:57:44,312 - Downloading, 9N6B9754.jpg
2019-03-11 20:57:44,396 - Error: Could not download file 9N6B9754.jpg<class 'KeyboardInterrupt'>

2019-03-11 20:57:44,396 - Downloading, 9N6B9752.jpg
2019-03-11 20:57:44,479 - Error: Could not download file 9N6B9752.jpg<class 'KeyboardInterrupt'>

2019-03-11 20:57:44,479 - Downloading, 9N6B9750.jpg
2019-03-11 20:57:44,564 - Error: Could not download file 9N6B9750.jpg<class 'KeyboardInterrupt'>

2019-03-11 20:57:44,564 - Downloading, 9N6B9748.jpg
2019-03-11 20:57:44,648 - Error: Could not download file 9N6B9748.jpg<class 'KeyboardInterrupt'>

2019-03-11 20:57:44,648 - Downloading, 9N6B9742.jpg
2019-03-11 20:57:44,732 - Error: Could not download file 9N6B9742.jpg<class 'KeyboardInterrupt'>

2019-03-11 20:57:44,732 - Downloading, 9N6B9741.jpg
2019-03-11 20:57:44,816 - Error: Could not download file 9N6B9741.jpg<class 'KeyboardInterrupt'>

2019-03-11 20:57:44,817 - Downloading, 9N6B9740.jpg
2019-03-11 20:57:44,900 - Error: Could not download file 9N6B9740.jpg<class 'KeyboardInterrupt'>

2019-03-11 20:57:44,900 - Downloading, 9N6B9738.jpg
2019-03-11 20:57:44,983 - Error: Could not download file 9N6B9738.jpg<class 'KeyboardInterrupt'>

2019-03-11 20:57:44,984 - Downloading, 9N6B9737.jpg
2019-03-11 20:57:45,068 - Error: Could not download file 9N6B9737.jpg<class 'KeyboardInterrupt'>

2019-03-11 20:57:45,069 - Downloading, 9N6B9734.jpg
2019-03-11 20:57:45,152 - Error: Could not download file 9N6B9734.jpg<class 'KeyboardInterrupt'>

2019-03-11 20:57:45,152 - Downloading, 9N6B9733.jpg
2019-03-11 20:57:45,236 - Error: Could not download file 9N6B9733.jpg<class 'KeyboardInterrupt'>

2019-03-11 20:57:45,236 - Downloading, 9N6B9732.jpg
2019-03-11 20:57:45,320 - Error: Could not download file 9N6B9732.jpg<class 'KeyboardInterrupt'>

2019-03-11 20:57:45,320 - Downloading, 9N6B9731.jpg
2019-03-11 20:57:45,404 - Error: Could not download file 9N6B9731.jpg<class 'KeyboardInterrupt'>

2019-03-11 20:57:45,404 - Downloading, 9N6B9729.jpg
2019-03-11 20:57:45,488 - Error: Could not download file 9N6B9729.jpg<class 'KeyboardInterrupt'>

2019-03-11 20:57:45,489 - Downloading, 9N6B9728.jpg
2019-03-11 20:57:45,572 - Error: Could not download file 9N6B9728.jpg<class 'KeyboardInterrupt'>

2019-03-11 20:57:45,573 - Downloading, 9N6B9727.jpg
2019-03-11 20:57:45,656 - Error: Could not download file 9N6B9727.jpg<class 'KeyboardInterrupt'>

2019-03-11 20:57:45,656 - Downloading, 9N6B9726.jpg
2019-03-11 20:57:45,740 - Error: Could not download file 9N6B9726.jpg<class 'KeyboardInterrupt'>

2019-03-11 20:57:45,740 - Downloading, 9N6B9724.jpg
2019-03-11 20:57:45,823 - Error: Could not download file 9N6B9724.jpg<class 'KeyboardInterrupt'>

2019-03-11 20:57:45,823 - Downloading, 9N6B9722.jpg
2019-03-11 20:57:45,908 - Error: Could not download file 9N6B9722.jpg<class 'KeyboardInterrupt'>

2019-03-11 20:57:45,908 - Downloading, 9N6B9719.jpg
2019-03-11 20:57:45,991 - Error: Could not download file 9N6B9719.jpg<class 'KeyboardInterrupt'>

2019-03-11 20:57:45,991 - Downloading, 9N6B9715.jpg
2019-03-11 20:57:46,077 - Error: Could not download file 9N6B9715.jpg<class 'KeyboardInterrupt'>

2019-03-11 20:57:46,078 - Downloading, 9N6B9710.jpg
2019-03-11 20:57:46,159 - Error: Could not download file 9N6B9710.jpg<class 'KeyboardInterrupt'>

2019-03-11 20:57:46,160 - Downloading, 9N6B9709.jpg
2019-03-11 20:57:46,243 - Error: Could not download file 9N6B9709.jpg<class 'KeyboardInterrupt'>

2019-03-11 20:57:46,244 - Downloading, 9N6B9708.jpg
2019-03-11 20:57:46,327 - Error: Could not download file 9N6B9708.jpg<class 'KeyboardInterrupt'>

2019-03-11 20:57:46,328 - Downloading, 9N6B9705.jpg
2019-03-11 20:57:46,411 - Error: Could not download file 9N6B9705.jpg<class 'KeyboardInterrupt'>

2019-03-11 20:57:46,411 - Downloading, 9N6B9703.jpg
2019-03-11 20:57:46,494 - Error: Could not download file 9N6B9703.jpg<class 'KeyboardInterrupt'>

2019-03-11 20:57:46,494 - Downloading, 9N6B9702.jpg
2019-03-11 20:57:46,577 - Error: Could not download file 9N6B9702.jpg<class 'KeyboardInterrupt'>

2019-03-11 20:57:46,577 - Downloading, 9N6B9700.jpg
2019-03-11 20:57:46,662 - Error: Could not download file 9N6B9700.jpg<class 'KeyboardInterrupt'>

2019-03-11 20:57:46,662 - Downloading, 9N6B9698.jpg
2019-03-11 20:57:46,746 - Error: Could not download file 9N6B9698.jpg<class 'KeyboardInterrupt'>

2019-03-11 20:57:46,746 - Downloading, 9N6B9697.jpg
2019-03-11 20:57:46,830 - Error: Could not download file 9N6B9697.jpg<class 'KeyboardInterrupt'>

2019-03-11 20:57:46,830 - Downloading, 9N6B9696.jpg
2019-03-11 20:57:46,914 - Error: Could not download file 9N6B9696.jpg<class 'KeyboardInterrupt'>

2019-03-11 20:57:46,915 - Downloading, 9N6B9695.jpg
2019-03-11 20:57:46,997 - Error: Could not download file 9N6B9695.jpg<class 'KeyboardInterrupt'>

2019-03-11 20:57:46,997 - Downloading, 9N6B9694.jpg
2019-03-11 20:57:47,081 - Error: Could not download file 9N6B9694.jpg<class 'KeyboardInterrupt'>

2019-03-11 20:57:47,081 - Downloading, 9N6B9690.jpg
2019-03-11 20:57:47,166 - Error: Could not download file 9N6B9690.jpg<class 'KeyboardInterrupt'>

2019-03-11 20:57:47,166 - Downloading, 9N6B9684.jpg
2019-03-11 20:57:47,249 - Error: Could not download file 9N6B9684.jpg<class 'KeyboardInterrupt'>

2019-03-11 20:57:47,250 - Downloading, 9N6B9683.jpg
2019-03-11 20:57:47,333 - Error: Could not download file 9N6B9683.jpg<class 'KeyboardInterrupt'>

2019-03-11 20:57:47,334 - Downloading, 9N6B9677.jpg
2019-03-11 20:57:47,418 - Error: Could not download file 9N6B9677.jpg<class 'KeyboardInterrupt'>

2019-03-11 20:57:47,418 - Downloading, 9N6B9676.jpg
2019-03-11 20:57:47,502 - Error: Could not download file 9N6B9676.jpg<class 'KeyboardInterrupt'>

2019-03-11 20:57:47,502 - Downloading, 9N6B9675.jpg
2019-03-11 20:57:47,586 - Error: Could not download file 9N6B9675.jpg<class 'KeyboardInterrupt'>

2019-03-11 20:57:47,587 - Downloading, 9N6B9674.jpg
2019-03-11 20:57:47,670 - Error: Could not download file 9N6B9674.jpg<class 'KeyboardInterrupt'>

2019-03-11 20:57:47,671 - Downloading, 9N6B9673.jpg
2019-03-11 20:57:47,754 - Error: Could not download file 9N6B9673.jpg<class 'KeyboardInterrupt'>

2019-03-11 20:57:47,755 - Downloading, 9N6B9672.jpg
2019-03-11 20:57:47,839 - Error: Could not download file 9N6B9672.jpg<class 'KeyboardInterrupt'>

2019-03-11 20:57:47,839 - Downloading, 9N6B9671.jpg
2019-03-11 20:57:47,923 - Error: Could not download file 9N6B9671.jpg<class 'KeyboardInterrupt'>

2019-03-11 20:57:47,923 - Downloading, 9N6B9670.jpg
2019-03-11 20:57:48,008 - Error: Could not download file 9N6B9670.jpg<class 'KeyboardInterrupt'>

2019-03-11 20:57:48,008 - Downloading, 9N6B9665.jpg
2019-03-11 20:57:48,090 - Error: Could not download file 9N6B9665.jpg<class 'KeyboardInterrupt'>

2019-03-11 20:57:48,090 - Downloading, 9N6B9664.jpg
2019-03-11 20:57:48,174 - Error: Could not download file 9N6B9664.jpg<class 'KeyboardInterrupt'>

2019-03-11 20:57:48,174 - Downloading, 9N6B9662.jpg
2019-03-11 20:57:48,258 - Error: Could not download file 9N6B9662.jpg<class 'KeyboardInterrupt'>

2019-03-11 20:57:48,258 - Downloading, 9N6B9659.jpg
2019-03-11 20:57:48,342 - Error: Could not download file 9N6B9659.jpg<class 'KeyboardInterrupt'>

2019-03-11 20:57:48,343 - Downloading, 9N6B9656.jpg
2019-03-11 20:57:48,425 - Error: Could not download file 9N6B9656.jpg<class 'KeyboardInterrupt'>

2019-03-11 20:57:48,425 - Downloading, 9N6B9653.jpg
2019-03-11 20:57:48,509 - Error: Could not download file 9N6B9653.jpg<class 'KeyboardInterrupt'>

2019-03-11 20:57:48,510 - Downloading, 9N6B9651.jpg
2019-03-11 20:57:48,593 - Error: Could not download file 9N6B9651.jpg<class 'KeyboardInterrupt'>

2019-03-11 20:57:48,594 - Downloading, 9N6B9649.jpg
2019-03-11 20:57:48,677 - Error: Could not download file 9N6B9649.jpg<class 'KeyboardInterrupt'>

2019-03-11 20:57:48,678 - Downloading, 9N6B9647.jpg
2019-03-11 20:57:48,762 - Error: Could not download file 9N6B9647.jpg<class 'KeyboardInterrupt'>

2019-03-11 20:57:48,762 - Downloading, 9N6B9646.jpg
2019-03-11 20:57:48,845 - Error: Could not download file 9N6B9646.jpg<class 'KeyboardInterrupt'>

2019-03-11 20:57:48,845 - Downloading, 9N6B9644.jpg
2019-03-11 20:57:48,928 - Error: Could not download file 9N6B9644.jpg<class 'KeyboardInterrupt'>

2019-03-11 20:57:48,929 - Downloading, 9N6B9642.jpg
2019-03-11 20:57:49,011 - Error: Could not download file 9N6B9642.jpg<class 'KeyboardInterrupt'>

2019-03-11 20:57:49,012 - Downloading, 9N6B9641.jpg
2019-03-11 20:57:49,095 - Error: Could not download file 9N6B9641.jpg<class 'KeyboardInterrupt'>

2019-03-11 20:57:49,096 - Downloading, 9N6B9640.jpg
2019-03-11 20:57:49,179 - Error: Could not download file 9N6B9640.jpg<class 'KeyboardInterrupt'>

2019-03-11 20:57:49,180 - Downloading, 9N6B9632.jpg
2019-03-11 20:57:49,261 - Error: Could not download file 9N6B9632.jpg<class 'KeyboardInterrupt'>

2019-03-11 20:57:49,262 - Downloading, 9N6B9631.jpg
2019-03-11 20:57:49,345 - Error: Could not download file 9N6B9631.jpg<class 'KeyboardInterrupt'>

2019-03-11 20:57:49,346 - Downloading, 9N6B9628.jpg
2019-03-11 20:57:49,429 - Error: Could not download file 9N6B9628.jpg<class 'KeyboardInterrupt'>

2019-03-11 20:57:49,430 - Downloading, 9N6B9626.jpg
2019-03-11 20:57:49,513 - Error: Could not download file 9N6B9626.jpg<class 'KeyboardInterrupt'>

2019-03-11 20:57:49,514 - Downloading, 9N6B9625.jpg
2019-03-11 20:57:49,597 - Error: Could not download file 9N6B9625.jpg<class 'KeyboardInterrupt'>

2019-03-11 20:57:49,598 - Downloading, 9N6B9623.jpg
2019-03-11 20:57:49,681 - Error: Could not download file 9N6B9623.jpg<class 'KeyboardInterrupt'>

2019-03-11 20:57:49,682 - Downloading, 9N6B9622.jpg
2019-03-11 20:57:49,766 - Error: Could not download file 9N6B9622.jpg<class 'KeyboardInterrupt'>

2019-03-11 20:57:49,766 - Downloading, 9N6B9611.jpg
2019-03-11 20:57:49,850 - Error: Could not download file 9N6B9611.jpg<class 'KeyboardInterrupt'>

2019-03-11 20:57:49,850 - Downloading, 9N6B9603.jpg
2019-03-11 20:57:49,934 - Error: Could not download file 9N6B9603.jpg<class 'KeyboardInterrupt'>

2019-03-11 20:57:49,934 - Downloading, CPLA.m4v
2019-03-11 20:57:50,894 - Error: Could not download file CPLA.m4v<class 'KeyboardInterrupt'>

2019-03-11 20:57:50,895 - Downloading, final 背景一 copy.pdf
2019-03-11 20:57:51,394 - Error: Could not download file final 背景一 copy.pdf<class 'KeyboardInterrupt'>

2019-03-11 20:57:51,395 - Downloading, non-coding exercises.pdf
2019-03-11 20:57:51,479 - Error: Could not download file non-coding exercises.pdf<class 'KeyboardInterrupt'>

2019-03-11 20:57:51,479 - Downloading, 4.docx
2019-03-11 20:57:51,563 - Error: Could not download file 4.docx<class 'KeyboardInterrupt'>

2019-03-11 20:57:51,563 - Downloading, cover ! white.psd
2019-03-11 20:57:51,646 - Error: Could not download file cover ! white.psd<class 'KeyboardInterrupt'>

2019-03-11 20:57:51,646 - Downloading, cover! b.psd
2019-03-11 20:57:51,730 - Error: Could not download file cover! b.psd<class 'KeyboardInterrupt'>

2019-03-11 20:57:51,730 - Downloading, 123.docx
2019-03-11 20:57:51,814 - Error: Could not download file 123.docx<class 'KeyboardInterrupt'>

2019-03-11 20:57:51,815 - Downloading, IMG_5215.JPG
2019-03-11 20:57:51,897 - Error: Could not download file IMG_5215.JPG<class 'KeyboardInterrupt'>

2019-03-11 20:57:51,897 - Downloading, IMG_5214.JPG
2019-03-11 20:57:51,982 - Error: Could not download file IMG_5214.JPG<class 'KeyboardInterrupt'>

2019-03-11 20:57:51,982 - Downloading, IMG_5216.JPG
2019-03-11 20:57:52,066 - Error: Could not download file IMG_5216.JPG<class 'KeyboardInterrupt'>

2019-03-11 20:57:52,066 - Downloading, 9N6B5530.jpg
2019-03-11 20:57:52,150 - Error: Could not download file 9N6B5530.jpg<class 'KeyboardInterrupt'>

2019-03-11 20:57:52,151 - Downloading, 9N6B5503.jpg
2019-03-11 20:57:52,235 - Error: Could not download file 9N6B5503.jpg<class 'KeyboardInterrupt'>

2019-03-11 20:57:52,235 - Downloading, 9N6B5485.jpg
2019-03-11 20:57:52,318 - Error: Could not download file 9N6B5485.jpg<class 'KeyboardInterrupt'>

2019-03-11 20:57:52,318 - Downloading, 9N6B5482.jpg
2019-03-11 20:57:52,403 - Error: Could not download file 9N6B5482.jpg<class 'KeyboardInterrupt'>

2019-03-11 20:57:52,403 - Downloading, 10.jpg
2019-03-11 20:57:52,485 - Error: Could not download file 10.jpg<class 'KeyboardInterrupt'>

2019-03-11 20:57:52,486 - Downloading, 9N6B5369.jpg
2019-03-11 20:57:52,570 - Error: Could not download file 9N6B5369.jpg<class 'KeyboardInterrupt'>

2019-03-11 20:57:52,571 - Downloading, 9N6B5355.jpg
2019-03-11 20:57:52,653 - Error: Could not download file 9N6B5355.jpg<class 'KeyboardInterrupt'>

2019-03-11 20:57:52,653 - Downloading, 9N6B5348.jpg
2019-03-11 20:57:52,737 - Error: Could not download file 9N6B5348.jpg<class 'KeyboardInterrupt'>

2019-03-11 20:57:52,737 - Downloading, 9N6B4301.jpg
2019-03-11 20:57:52,822 - Error: Could not download file 9N6B4301.jpg<class 'KeyboardInterrupt'>

2019-03-11 20:57:52,822 - Downloading, 9N6B4300.jpg
2019-03-11 20:57:52,906 - Error: Could not download file 9N6B4300.jpg<class 'KeyboardInterrupt'>

2019-03-11 20:57:52,907 - Downloading, 9N6B4297.jpg
2019-03-11 20:57:52,990 - Error: Could not download file 9N6B4297.jpg<class 'KeyboardInterrupt'>

2019-03-11 20:57:52,991 - Downloading, 9N6B4295.jpg
2019-03-11 20:57:53,076 - Error: Could not download file 9N6B4295.jpg<class 'KeyboardInterrupt'>

2019-03-11 20:57:53,077 - Downloading, 9N6B4294.jpg
2019-03-11 20:57:53,159 - Error: Could not download file 9N6B4294.jpg<class 'KeyboardInterrupt'>

2019-03-11 20:57:53,159 - Downloading, 9N6B4292.jpg
2019-03-11 20:57:53,243 - Error: Could not download file 9N6B4292.jpg<class 'KeyboardInterrupt'>

2019-03-11 20:57:53,244 - Downloading, 9N6B4290.jpg
2019-03-11 20:57:53,325 - Error: Could not download file 9N6B4290.jpg<class 'KeyboardInterrupt'>

2019-03-11 20:57:53,326 - Downloading, 9N6B5365.jpg
2019-03-11 20:57:53,410 - Error: Could not download file 9N6B5365.jpg<class 'KeyboardInterrupt'>

2019-03-11 20:57:53,410 - Downloading, 9N6B5358.jpg
2019-03-11 20:57:53,494 - Error: Could not download file 9N6B5358.jpg<class 'KeyboardInterrupt'>

2019-03-11 20:57:53,495 - Downloading, 9N6B5349.jpg
2019-03-11 20:57:53,577 - Error: Could not download file 9N6B5349.jpg<class 'KeyboardInterrupt'>

2019-03-11 20:57:53,578 - Downloading, 9N6B4284.jpg
2019-03-11 20:57:53,662 - Error: Could not download file 9N6B4284.jpg<class 'KeyboardInterrupt'>

2019-03-11 20:57:53,663 - Downloading, 9N6B4283.jpg
2019-03-11 20:57:53,747 - Error: Could not download file 9N6B4283.jpg<class 'KeyboardInterrupt'>

2019-03-11 20:57:53,747 - Downloading, 9N6B4282.jpg
2019-03-11 20:57:53,831 - Error: Could not download file 9N6B4282.jpg<class 'KeyboardInterrupt'>

2019-03-11 20:57:53,831 - Downloading, 9N6B4281.jpg
2019-03-11 20:57:53,914 - Error: Could not download file 9N6B4281.jpg<class 'KeyboardInterrupt'>

2019-03-11 20:57:53,914 - Downloading, 9N6B4280.jpg
2019-03-11 20:57:53,998 - Error: Could not download file 9N6B4280.jpg<class 'KeyboardInterrupt'>

2019-03-11 20:57:53,999 - Downloading, 9N6B4279.jpg
2019-03-11 20:57:54,082 - Error: Could not download file 9N6B4279.jpg<class 'KeyboardInterrupt'>

2019-03-11 20:57:54,083 - Downloading, 9N6B5366.jpg
2019-03-11 20:57:54,167 - Error: Could not download file 9N6B5366.jpg<class 'KeyboardInterrupt'>

2019-03-11 20:57:54,167 - Downloading, 9N6B5363.jpg
2019-03-11 20:57:54,251 - Error: Could not download file 9N6B5363.jpg<class 'KeyboardInterrupt'>

2019-03-11 20:57:54,251 - Downloading, 9N6B5361.jpg
2019-03-11 20:57:54,335 - Error: Could not download file 9N6B5361.jpg<class 'KeyboardInterrupt'>

2019-03-11 20:57:54,335 - Downloading, 9N6B5360.jpg
2019-03-11 20:57:54,419 - Error: Could not download file 9N6B5360.jpg<class 'KeyboardInterrupt'>

2019-03-11 20:57:54,419 - Downloading, 9N6B5356.jpg
2019-03-11 20:57:54,503 - Error: Could not download file 9N6B5356.jpg<class 'KeyboardInterrupt'>

2019-03-11 20:57:54,503 - Downloading, 9N6B5352.jpg
2019-03-11 20:57:54,587 - Error: Could not download file 9N6B5352.jpg<class 'KeyboardInterrupt'>

2019-03-11 20:57:54,587 - Downloading, 9N6B5351.jpg
2019-03-11 20:57:54,670 - Error: Could not download file 9N6B5351.jpg<class 'KeyboardInterrupt'>

2019-03-11 20:57:54,671 - Downloading, 9N6B5347.jpg
2019-03-11 20:57:54,754 - Error: Could not download file 9N6B5347.jpg<class 'KeyboardInterrupt'>

2019-03-11 20:57:54,755 - Downloading, 9N6B4265.jpg
2019-03-11 20:57:54,838 - Error: Could not download file 9N6B4265.jpg<class 'KeyboardInterrupt'>

2019-03-11 20:57:54,838 - Downloading, 9N6B4263.jpg
2019-03-11 20:57:54,922 - Error: Could not download file 9N6B4263.jpg<class 'KeyboardInterrupt'>

2019-03-11 20:57:54,923 - Downloading, 9N6B4261.jpg
2019-03-11 20:57:55,006 - Error: Could not download file 9N6B4261.jpg<class 'KeyboardInterrupt'>

2019-03-11 20:57:55,007 - Downloading, 9N6B4260.jpg
2019-03-11 20:57:55,090 - Error: Could not download file 9N6B4260.jpg<class 'KeyboardInterrupt'>

2019-03-11 20:57:55,091 - Downloading, 9N6B4257.jpg
2019-03-11 20:57:55,174 - Error: Could not download file 9N6B4257.jpg<class 'KeyboardInterrupt'>

2019-03-11 20:57:55,175 - Downloading, 9N6B4255.jpg
2019-03-11 20:57:55,259 - Error: Could not download file 9N6B4255.jpg<class 'KeyboardInterrupt'>

2019-03-11 20:57:55,259 - Downloading, 9N6B4253.jpg
2019-03-11 20:57:55,343 - Error: Could not download file 9N6B4253.jpg<class 'KeyboardInterrupt'>

2019-03-11 20:57:55,343 - Downloading, 9N6B5369.jpg
2019-03-11 20:57:55,427 - Error: Could not download file 9N6B5369.jpg<class 'KeyboardInterrupt'>

2019-03-11 20:57:55,427 - Downloading, 9N6B5366.jpg
2019-03-11 20:57:55,511 - Error: Could not download file 9N6B5366.jpg<class 'KeyboardInterrupt'>

2019-03-11 20:57:55,511 - Downloading, 9N6B5365.jpg
2019-03-11 20:57:55,595 - Error: Could not download file 9N6B5365.jpg<class 'KeyboardInterrupt'>

2019-03-11 20:57:55,596 - Downloading, 9N6B5363.jpg
2019-03-11 20:57:55,678 - Error: Could not download file 9N6B5363.jpg<class 'KeyboardInterrupt'>

2019-03-11 20:57:55,679 - Downloading, 9N6B5361.jpg
2019-03-11 20:57:55,762 - Error: Could not download file 9N6B5361.jpg<class 'KeyboardInterrupt'>

2019-03-11 20:57:55,762 - Downloading, 9N6B5360.jpg
2019-03-11 20:57:55,845 - Error: Could not download file 9N6B5360.jpg<class 'KeyboardInterrupt'>

2019-03-11 20:57:55,845 - Downloading, 9N6B5358.jpg
2019-03-11 20:57:55,929 - Error: Could not download file 9N6B5358.jpg<class 'KeyboardInterrupt'>

2019-03-11 20:57:55,929 - Downloading, 9N6B5356.jpg
2019-03-11 20:57:56,013 - Error: Could not download file 9N6B5356.jpg<class 'KeyboardInterrupt'>

2019-03-11 20:57:56,013 - Downloading, 9N6B5355.jpg
2019-03-11 20:57:56,097 - Error: Could not download file 9N6B5355.jpg<class 'KeyboardInterrupt'>

2019-03-11 20:57:56,097 - Downloading, 9N6B5352.jpg
2019-03-11 20:57:56,182 - Error: Could not download file 9N6B5352.jpg<class 'KeyboardInterrupt'>

2019-03-11 20:57:56,182 - Downloading, 9N6B5351.jpg
2019-03-11 20:57:56,265 - Error: Could not download file 9N6B5351.jpg<class 'KeyboardInterrupt'>

2019-03-11 20:57:56,266 - Downloading, 9N6B5349.jpg
2019-03-11 20:57:56,350 - Error: Could not download file 9N6B5349.jpg<class 'KeyboardInterrupt'>

2019-03-11 20:57:56,350 - Downloading, 9N6B5348.jpg
2019-03-11 20:57:56,433 - Error: Could not download file 9N6B5348.jpg<class 'KeyboardInterrupt'>

2019-03-11 20:57:56,434 - Downloading, 9N6B5347.jpg
2019-03-11 20:57:56,518 - Error: Could not download file 9N6B5347.jpg<class 'KeyboardInterrupt'>

2019-03-11 20:57:56,518 - Downloading, 2017.04.29 球赛.rar
2019-03-11 20:57:56,602 - Error: Could not download file 2017.04.29 球赛.rar<class 'KeyboardInterrupt'>

2019-03-11 20:57:56,603 - Downloading, 9N6B4301.jpg
2019-03-11 20:57:56,686 - Error: Could not download file 9N6B4301.jpg<class 'KeyboardInterrupt'>

2019-03-11 20:57:56,687 - Downloading, 9N6B4300.jpg
2019-03-11 20:57:56,771 - Error: Could not download file 9N6B4300.jpg<class 'KeyboardInterrupt'>

2019-03-11 20:57:56,771 - Downloading, 9N6B4297.jpg
2019-03-11 20:57:56,854 - Error: Could not download file 9N6B4297.jpg<class 'KeyboardInterrupt'>

2019-03-11 20:57:56,854 - Downloading, 9N6B4295.jpg
2019-03-11 20:57:56,937 - Error: Could not download file 9N6B4295.jpg<class 'KeyboardInterrupt'>

2019-03-11 20:57:56,938 - Downloading, 9N6B4294.jpg
2019-03-11 20:57:57,022 - Error: Could not download file 9N6B4294.jpg<class 'KeyboardInterrupt'>

2019-03-11 20:57:57,023 - Downloading, 9N6B4292.jpg
2019-03-11 20:57:57,106 - Error: Could not download file 9N6B4292.jpg<class 'KeyboardInterrupt'>

2019-03-11 20:57:57,106 - Downloading, 9N6B4290.jpg
2019-03-11 20:57:57,189 - Error: Could not download file 9N6B4290.jpg<class 'KeyboardInterrupt'>

2019-03-11 20:57:57,190 - Downloading, 9N6B4289.jpg
2019-03-11 20:57:57,273 - Error: Could not download file 9N6B4289.jpg<class 'KeyboardInterrupt'>

2019-03-11 20:57:57,274 - Downloading, 9N6B4287.jpg
2019-03-11 20:57:57,357 - Error: Could not download file 9N6B4287.jpg<class 'KeyboardInterrupt'>

2019-03-11 20:57:57,357 - Downloading, 9N6B4285.jpg
2019-03-11 20:57:57,441 - Error: Could not download file 9N6B4285.jpg<class 'KeyboardInterrupt'>

2019-03-11 20:57:57,442 - Downloading, 9N6B4284.jpg
2019-03-11 20:57:57,525 - Error: Could not download file 9N6B4284.jpg<class 'KeyboardInterrupt'>

2019-03-11 20:57:57,525 - Downloading, 9N6B4283.jpg
2019-03-11 20:57:57,609 - Error: Could not download file 9N6B4283.jpg<class 'KeyboardInterrupt'>

2019-03-11 20:57:57,610 - Downloading, 9N6B4282.jpg
2019-03-11 20:57:57,693 - Error: Could not download file 9N6B4282.jpg<class 'KeyboardInterrupt'>

2019-03-11 20:57:57,693 - Downloading, 9N6B4281.jpg
2019-03-11 20:57:57,777 - Error: Could not download file 9N6B4281.jpg<class 'KeyboardInterrupt'>

2019-03-11 20:57:57,778 - Downloading, 9N6B4280.jpg
2019-03-11 20:57:57,862 - Error: Could not download file 9N6B4280.jpg<class 'KeyboardInterrupt'>

2019-03-11 20:57:57,862 - Downloading, 9N6B4279.jpg
2019-03-11 20:57:57,945 - Error: Could not download file 9N6B4279.jpg<class 'KeyboardInterrupt'>

2019-03-11 20:57:57,945 - Downloading, 9N6B4278.jpg
2019-03-11 20:57:58,027 - Error: Could not download file 9N6B4278.jpg<class 'KeyboardInterrupt'>

2019-03-11 20:57:58,028 - Downloading, 9N6B4276.jpg
2019-03-11 20:57:58,111 - Error: Could not download file 9N6B4276.jpg<class 'KeyboardInterrupt'>

2019-03-11 20:57:58,112 - Downloading, 9N6B4272.jpg
2019-03-11 20:57:58,195 - Error: Could not download file 9N6B4272.jpg<class 'KeyboardInterrupt'>

2019-03-11 20:57:58,195 - Downloading, 9N6B4270.jpg
2019-03-11 20:57:58,278 - Error: Could not download file 9N6B4270.jpg<class 'KeyboardInterrupt'>

2019-03-11 20:57:58,279 - Downloading, 9N6B4268.jpg
2019-03-11 20:57:58,362 - Error: Could not download file 9N6B4268.jpg<class 'KeyboardInterrupt'>

2019-03-11 20:57:58,362 - Downloading, 9N6B4267.jpg
2019-03-11 20:57:58,446 - Error: Could not download file 9N6B4267.jpg<class 'KeyboardInterrupt'>

2019-03-11 20:57:58,446 - Downloading, 9N6B4265.jpg
2019-03-11 20:57:58,528 - Error: Could not download file 9N6B4265.jpg<class 'KeyboardInterrupt'>

2019-03-11 20:57:58,529 - Downloading, 9N6B4263.jpg
2019-03-11 20:57:58,613 - Error: Could not download file 9N6B4263.jpg<class 'KeyboardInterrupt'>

2019-03-11 20:57:58,614 - Downloading, 9N6B4261.jpg
2019-03-11 20:57:58,697 - Error: Could not download file 9N6B4261.jpg<class 'KeyboardInterrupt'>

2019-03-11 20:57:58,697 - Downloading, 9N6B4260.jpg
2019-03-11 20:57:58,781 - Error: Could not download file 9N6B4260.jpg<class 'KeyboardInterrupt'>

2019-03-11 20:57:58,782 - Downloading, 9N6B4258.jpg
2019-03-11 20:57:58,865 - Error: Could not download file 9N6B4258.jpg<class 'KeyboardInterrupt'>

2019-03-11 20:57:58,866 - Downloading, 9N6B4257.jpg
2019-03-11 20:57:58,949 - Error: Could not download file 9N6B4257.jpg<class 'KeyboardInterrupt'>

2019-03-11 20:57:58,949 - Downloading, 9N6B4255.jpg
2019-03-11 20:57:59,034 - Error: Could not download file 9N6B4255.jpg<class 'KeyboardInterrupt'>

2019-03-11 20:57:59,034 - Downloading, 9N6B4253.jpg
2019-03-11 20:57:59,117 - Error: Could not download file 9N6B4253.jpg<class 'KeyboardInterrupt'>

2019-03-11 20:57:59,118 - Downloading, 9N6B4251.jpg
2019-03-11 20:57:59,201 - Error: Could not download file 9N6B4251.jpg<class 'KeyboardInterrupt'>

2019-03-11 20:57:59,202 - Downloading, 9N6B4247.jpg
2019-03-11 20:57:59,286 - Error: Could not download file 9N6B4247.jpg<class 'KeyboardInterrupt'>

2019-03-11 20:57:59,286 - Downloading, 9N6B4250.jpg
2019-03-11 20:57:59,370 - Error: Could not download file 9N6B4250.jpg<class 'KeyboardInterrupt'>

2019-03-11 20:57:59,370 - Downloading, IMG_4764.jpg
2019-03-11 20:57:59,452 - Error: Could not download file IMG_4764.jpg<class 'KeyboardInterrupt'>

2019-03-11 20:57:59,452 - Downloading, string_reverse.py
2019-03-11 20:57:59,536 - Error: Could not download file string_reverse.py<class 'KeyboardInterrupt'>

2019-03-11 20:57:59,537 - Downloading, test_harness.py
2019-03-11 20:57:59,620 - Error: Could not download file test_harness.py<class 'KeyboardInterrupt'>

2019-03-11 20:57:59,621 - Downloading, p1_tax.py
2019-03-11 20:57:59,705 - Error: Could not download file p1_tax.py<class 'KeyboardInterrupt'>

2019-03-11 20:57:59,706 - Downloading, art_show.png
2019-03-11 20:57:59,789 - Error: Could not download file art_show.png<class 'KeyboardInterrupt'>

2019-03-11 20:57:59,790 - Downloading, data_analysis.py
2019-03-11 20:57:59,873 - Error: Could not download file data_analysis.py<class 'KeyboardInterrupt'>

2019-03-11 20:57:59,874 - Downloading, artshow.py
2019-03-11 20:57:59,957 - Error: Could not download file artshow.py<class 'KeyboardInterrupt'>

2019-03-11 20:57:59,957 - Downloading, approxpi.py
2019-03-11 20:58:00,039 - Error: Could not download file approxpi.py<class 'KeyboardInterrupt'>

2019-03-11 20:58:00,040 - Downloading, alphadecode.py
2019-03-11 20:58:00,124 - Error: Could not download file alphadecode.py<class 'KeyboardInterrupt'>

2019-03-11 20:58:00,125 - Downloading, is_member.py
2019-03-11 20:58:00,209 - Error: Could not download file is_member.py<class 'KeyboardInterrupt'>

2019-03-11 20:58:00,209 - Downloading, p1_sqrt.py
2019-03-11 20:58:00,293 - Error: Could not download file p1_sqrt.py<class 'KeyboardInterrupt'>

2019-03-11 20:58:00,294 - Downloading, cipher.py
2019-03-11 20:58:00,376 - Error: Could not download file cipher.py<class 'KeyboardInterrupt'>

2019-03-11 20:58:00,377 - Downloading, dfs.py
2019-03-11 20:58:00,461 - Error: Could not download file dfs.py<class 'KeyboardInterrupt'>

2019-03-11 20:58:00,462 - Downloading, alphacode.py
2019-03-11 20:58:00,545 - Error: Could not download file alphacode.py<class 'KeyboardInterrupt'>

2019-03-11 20:58:00,545 - Downloading, IMG_6858.jpg
2019-03-11 20:58:00,627 - Error: Could not download file IMG_6858.jpg<class 'KeyboardInterrupt'>

2019-03-11 20:58:00,628 - Downloading, 9N6B0937.CR2
2019-03-11 20:58:00,712 - Error: Could not download file 9N6B0937.CR2<class 'KeyboardInterrupt'>

2019-03-11 20:58:00,715 - Downloading, 9N6B0953.CR2
2019-03-11 20:58:00,795 - Error: Could not download file 9N6B0953.CR2<class 'KeyboardInterrupt'>

2019-03-11 20:58:00,795 - Downloading, 摄影展文案.docx
2019-03-11 20:58:00,881 - Error: Could not download file 摄影展文案.docx<class 'KeyboardInterrupt'>

2019-03-11 20:58:00,881 - Downloading, 寻访三生.docx
2019-03-11 20:58:00,963 - Error: Could not download file 寻访三生.docx<class 'KeyboardInterrupt'>

2019-03-11 20:58:00,963 - Downloading, IMG_5494.JPG
2019-03-11 20:58:01,047 - Error: Could not download file IMG_5494.JPG<class 'KeyboardInterrupt'>

2019-03-11 20:58:01,047 - Downloading, IMG_5491.JPG
2019-03-11 20:58:01,131 - Error: Could not download file IMG_5491.JPG<class 'KeyboardInterrupt'>

2019-03-11 20:58:01,132 - Downloading, IMG_5490.JPG
2019-03-11 20:58:01,214 - Error: Could not download file IMG_5490.JPG<class 'KeyboardInterrupt'>

2019-03-11 20:58:01,215 - Downloading, IMG_5492.JPG
2019-03-11 20:58:01,298 - Error: Could not download file IMG_5492.JPG<class 'KeyboardInterrupt'>

2019-03-11 20:58:01,299 - Downloading, IMG_5487.JPG
2019-03-11 20:58:01,382 - Error: Could not download file IMG_5487.JPG<class 'KeyboardInterrupt'>

2019-03-11 20:58:01,383 - Downloading, IMG_5486.JPG
2019-03-11 20:58:01,467 - Error: Could not download file IMG_5486.JPG<class 'KeyboardInterrupt'>

2019-03-11 20:58:01,468 - Downloading, IMG_5493.JPG
2019-03-11 20:58:01,550 - Error: Could not download file IMG_5493.JPG<class 'KeyboardInterrupt'>

2019-03-11 20:58:01,551 - Downloading, IMG_5485.JPG
2019-03-11 20:58:01,635 - Error: Could not download file IMG_5485.JPG<class 'KeyboardInterrupt'>

2019-03-11 20:58:01,635 - Downloading, IMG_5464.JPG
2019-03-11 20:58:01,718 - Error: Could not download file IMG_5464.JPG<class 'KeyboardInterrupt'>

2019-03-11 20:58:01,719 - Downloading, IMG_5463.JPG
2019-03-11 20:58:01,802 - Error: Could not download file IMG_5463.JPG<class 'KeyboardInterrupt'>

2019-03-11 20:58:01,803 - Downloading, IMG_5469.JPG
2019-03-11 20:58:01,886 - Error: Could not download file IMG_5469.JPG<class 'KeyboardInterrupt'>

2019-03-11 20:58:01,887 - Downloading, IMG_5468.JPG
2019-03-11 20:58:01,968 - Error: Could not download file IMG_5468.JPG<class 'KeyboardInterrupt'>

2019-03-11 20:58:01,969 - Downloading, IMG_5470.JPG
2019-03-11 20:58:02,053 - Error: Could not download file IMG_5470.JPG<class 'KeyboardInterrupt'>

2019-03-11 20:58:02,054 - Downloading, IMG_5458.JPG
2019-03-11 20:58:02,138 - Error: Could not download file IMG_5458.JPG<class 'KeyboardInterrupt'>

2019-03-11 20:58:02,138 - Downloading, IMG_5461.JPG
2019-03-11 20:58:02,221 - Error: Could not download file IMG_5461.JPG<class 'KeyboardInterrupt'>

2019-03-11 20:58:02,221 - Downloading, IMG_5462.JPG
2019-03-11 20:58:02,305 - Error: Could not download file IMG_5462.JPG<class 'KeyboardInterrupt'>

2019-03-11 20:58:02,306 - Downloading, IMG_5471.JPG
2019-03-11 20:58:02,390 - Error: Could not download file IMG_5471.JPG<class 'KeyboardInterrupt'>

2019-03-11 20:58:02,390 - Downloading, IMG_5467.JPG
2019-03-11 20:58:02,473 - Error: Could not download file IMG_5467.JPG<class 'KeyboardInterrupt'>

2019-03-11 20:58:02,474 - Downloading, IMG_5481.JPG
2019-03-11 20:58:02,556 - Error: Could not download file IMG_5481.JPG<class 'KeyboardInterrupt'>

2019-03-11 20:58:02,557 - Downloading, IMG_5459.JPG
2019-03-11 20:58:02,640 - Error: Could not download file IMG_5459.JPG<class 'KeyboardInterrupt'>

2019-03-11 20:58:02,641 - Downloading, IMG_5484.JPG
2019-03-11 20:58:02,725 - Error: Could not download file IMG_5484.JPG<class 'KeyboardInterrupt'>

2019-03-11 20:58:02,725 - Downloading, IMG_5477.JPG
2019-03-11 20:58:02,808 - Error: Could not download file IMG_5477.JPG<class 'KeyboardInterrupt'>

2019-03-11 20:58:02,809 - Downloading, IMG_5460.JPG
2019-03-11 20:58:02,893 - Error: Could not download file IMG_5460.JPG<class 'KeyboardInterrupt'>

2019-03-11 20:58:02,893 - Downloading, IMG_5478.JPG
2019-03-11 20:58:02,977 - Error: Could not download file IMG_5478.JPG<class 'KeyboardInterrupt'>

2019-03-11 20:58:02,977 - Downloading, IMG_5473.JPG
2019-03-11 20:58:03,060 - Error: Could not download file IMG_5473.JPG<class 'KeyboardInterrupt'>

2019-03-11 20:58:03,061 - Downloading, IMG_5476.JPG
2019-03-11 20:58:03,143 - Error: Could not download file IMG_5476.JPG<class 'KeyboardInterrupt'>

2019-03-11 20:58:03,143 - Downloading, IMG_5475.JPG
2019-03-11 20:58:03,228 - Error: Could not download file IMG_5475.JPG<class 'KeyboardInterrupt'>

2019-03-11 20:58:03,228 - Downloading, IMG_5465.JPG
2019-03-11 20:58:03,310 - Error: Could not download file IMG_5465.JPG<class 'KeyboardInterrupt'>

2019-03-11 20:58:03,310 - Downloading, IMG_5466.JPG
2019-03-11 20:58:03,395 - Error: Could not download file IMG_5466.JPG<class 'KeyboardInterrupt'>

2019-03-11 20:58:03,395 - Downloading, IMG_5479.JPG
2019-03-11 20:58:03,477 - Error: Could not download file IMG_5479.JPG<class 'KeyboardInterrupt'>

2019-03-11 20:58:03,477 - Downloading, IMG_5480.JPG
2019-03-11 20:58:03,562 - Error: Could not download file IMG_5480.JPG<class 'KeyboardInterrupt'>

2019-03-11 20:58:03,563 - Downloading, IMG_5474.JPG
2019-03-11 20:58:03,646 - Error: Could not download file IMG_5474.JPG<class 'KeyboardInterrupt'>

2019-03-11 20:58:03,646 - Downloading, IMG_5472.JPG
2019-03-11 20:58:03,730 - Error: Could not download file IMG_5472.JPG<class 'KeyboardInterrupt'>

2019-03-11 20:58:03,731 - Downloading, IMG_5483.JPG
2019-03-11 20:58:03,814 - Error: Could not download file IMG_5483.JPG<class 'KeyboardInterrupt'>

2019-03-11 20:58:03,814 - Downloading, IMG_5482.JPG
2019-03-11 20:58:03,898 - Error: Could not download file IMG_5482.JPG<class 'KeyboardInterrupt'>

2019-03-11 20:58:03,898 - Downloading, IMG_5129.JPG
2019-03-11 20:58:03,980 - Error: Could not download file IMG_5129.JPG<class 'KeyboardInterrupt'>

2019-03-11 20:58:03,981 - Downloading, DSC_0492.JPG
2019-03-11 20:58:04,064 - Error: Could not download file DSC_0492.JPG<class 'KeyboardInterrupt'>

2019-03-11 20:58:04,064 - Downloading, DSC_0491.JPG
2019-03-11 20:58:04,148 - Error: Could not download file DSC_0491.JPG<class 'KeyboardInterrupt'>

2019-03-11 20:58:04,149 - Downloading, DSC_0490.JPG
2019-03-11 20:58:04,233 - Error: Could not download file DSC_0490.JPG<class 'KeyboardInterrupt'>

2019-03-11 20:58:04,233 - Downloading, DSC_0489.JPG
2019-03-11 20:58:04,317 - Error: Could not download file DSC_0489.JPG<class 'KeyboardInterrupt'>

2019-03-11 20:58:04,317 - Downloading, DSC_0488.JPG
2019-03-11 20:58:04,400 - Error: Could not download file DSC_0488.JPG<class 'KeyboardInterrupt'>

2019-03-11 20:58:04,401 - Downloading, DSC_0487.JPG
2019-03-11 20:58:04,485 - Error: Could not download file DSC_0487.JPG<class 'KeyboardInterrupt'>

2019-03-11 20:58:04,485 - Downloading, DSC_0486.JPG
2019-03-11 20:58:04,568 - Error: Could not download file DSC_0486.JPG<class 'KeyboardInterrupt'>

2019-03-11 20:58:04,568 - Downloading, DSC_0485.JPG
2019-03-11 20:58:04,652 - Error: Could not download file DSC_0485.JPG<class 'KeyboardInterrupt'>

2019-03-11 20:58:04,653 - Downloading, DSC_0484.JPG
2019-03-11 20:58:04,736 - Error: Could not download file DSC_0484.JPG<class 'KeyboardInterrupt'>

2019-03-11 20:58:04,736 - Downloading, DSC_0483.JPG
2019-03-11 20:58:04,819 - Error: Could not download file DSC_0483.JPG<class 'KeyboardInterrupt'>

2019-03-11 20:58:04,820 - Downloading, DSC_0482.JPG
2019-03-11 20:58:04,904 - Error: Could not download file DSC_0482.JPG<class 'KeyboardInterrupt'>

2019-03-11 20:58:04,904 - Downloading, DSC_0481.JPG
2019-03-11 20:58:04,988 - Error: Could not download file DSC_0481.JPG<class 'KeyboardInterrupt'>

2019-03-11 20:58:04,988 - Downloading, DSC_0480.JPG
2019-03-11 20:58:05,072 - Error: Could not download file DSC_0480.JPG<class 'KeyboardInterrupt'>

2019-03-11 20:58:05,072 - Downloading, DSC_0479.JPG
2019-03-11 20:58:05,156 - Error: Could not download file DSC_0479.JPG<class 'KeyboardInterrupt'>

2019-03-11 20:58:05,156 - Downloading, DSC_0477.JPG
2019-03-11 20:58:05,239 - Error: Could not download file DSC_0477.JPG<class 'KeyboardInterrupt'>

2019-03-11 20:58:05,240 - Downloading, DSC_0476.JPG
2019-03-11 20:58:05,323 - Error: Could not download file DSC_0476.JPG<class 'KeyboardInterrupt'>

2019-03-11 20:58:05,323 - Downloading, DSC_0475.JPG
2019-03-11 20:58:05,406 - Error: Could not download file DSC_0475.JPG<class 'KeyboardInterrupt'>

2019-03-11 20:58:05,406 - Downloading, DSC_0472.JPG
2019-03-11 20:58:05,491 - Error: Could not download file DSC_0472.JPG<class 'KeyboardInterrupt'>

2019-03-11 20:58:05,491 - Downloading, DSC_0470.JPG
2019-03-11 20:58:05,576 - Error: Could not download file DSC_0470.JPG<class 'KeyboardInterrupt'>

2019-03-11 20:58:05,577 - Downloading, DSC_0469.JPG
2019-03-11 20:58:05,659 - Error: Could not download file DSC_0469.JPG<class 'KeyboardInterrupt'>

2019-03-11 20:58:05,659 - Downloading, DSC_0468.JPG
2019-03-11 20:58:05,743 - Error: Could not download file DSC_0468.JPG<class 'KeyboardInterrupt'>

2019-03-11 20:58:05,743 - Downloading, DSC_0467.JPG
2019-03-11 20:58:05,827 - Error: Could not download file DSC_0467.JPG<class 'KeyboardInterrupt'>

2019-03-11 20:58:05,828 - Downloading, DSC_0466.JPG
2019-03-11 20:58:05,911 - Error: Could not download file DSC_0466.JPG<class 'KeyboardInterrupt'>

2019-03-11 20:58:05,912 - Downloading, DSC_0465.JPG
2019-03-11 20:58:05,995 - Error: Could not download file DSC_0465.JPG<class 'KeyboardInterrupt'>

2019-03-11 20:58:05,995 - Downloading, DSC_0464.JPG
2019-03-11 20:58:06,077 - Error: Could not download file DSC_0464.JPG<class 'KeyboardInterrupt'>

2019-03-11 20:58:06,077 - Downloading, DSC_0461.JPG
2019-03-11 20:58:06,162 - Error: Could not download file DSC_0461.JPG<class 'KeyboardInterrupt'>

2019-03-11 20:58:06,162 - Downloading, DSC_0460.JPG
2019-03-11 20:58:06,244 - Error: Could not download file DSC_0460.JPG<class 'KeyboardInterrupt'>

2019-03-11 20:58:06,244 - Downloading, DSC_0459.JPG
2019-03-11 20:58:06,328 - Error: Could not download file DSC_0459.JPG<class 'KeyboardInterrupt'>

2019-03-11 20:58:06,329 - Downloading, DSC_0458.JPG
2019-03-11 20:58:06,412 - Error: Could not download file DSC_0458.JPG<class 'KeyboardInterrupt'>

2019-03-11 20:58:06,412 - Downloading, DSC_0457.JPG
2019-03-11 20:58:06,495 - Error: Could not download file DSC_0457.JPG<class 'KeyboardInterrupt'>

2019-03-11 20:58:06,496 - Downloading, DSC_0456.JPG
2019-03-11 20:58:06,578 - Error: Could not download file DSC_0456.JPG<class 'KeyboardInterrupt'>

2019-03-11 20:58:06,578 - Downloading, DSC_0455.JPG
2019-03-11 20:58:06,663 - Error: Could not download file DSC_0455.JPG<class 'KeyboardInterrupt'>

2019-03-11 20:58:06,663 - Downloading, DSC_0454.JPG
2019-03-11 20:58:06,747 - Error: Could not download file DSC_0454.JPG<class 'KeyboardInterrupt'>

2019-03-11 20:58:06,748 - Downloading, DSC_0453.JPG
2019-03-11 20:58:06,831 - Error: Could not download file DSC_0453.JPG<class 'KeyboardInterrupt'>

2019-03-11 20:58:06,832 - Downloading, DSC_0452.JPG
2019-03-11 20:58:06,916 - Error: Could not download file DSC_0452.JPG<class 'KeyboardInterrupt'>

2019-03-11 20:58:06,916 - Downloading, DSC_0451.JPG
2019-03-11 20:58:06,999 - Error: Could not download file DSC_0451.JPG<class 'KeyboardInterrupt'>

2019-03-11 20:58:07,000 - Downloading, DSC_0450.JPG
2019-03-11 20:58:07,083 - Error: Could not download file DSC_0450.JPG<class 'KeyboardInterrupt'>

2019-03-11 20:58:07,084 - Downloading, DSC_0449.JPG
2019-03-11 20:58:07,168 - Error: Could not download file DSC_0449.JPG<class 'KeyboardInterrupt'>

2019-03-11 20:58:07,168 - Downloading, DSC_0448.JPG
2019-03-11 20:58:07,252 - Error: Could not download file DSC_0448.JPG<class 'KeyboardInterrupt'>

2019-03-11 20:58:07,252 - Downloading, DSC_0447.JPG
2019-03-11 20:58:07,336 - Error: Could not download file DSC_0447.JPG<class 'KeyboardInterrupt'>

2019-03-11 20:58:07,337 - Downloading, DSC_0446.JPG
2019-03-11 20:58:07,419 - Error: Could not download file DSC_0446.JPG<class 'KeyboardInterrupt'>

2019-03-11 20:58:07,420 - Downloading, DSC_0445.JPG
2019-03-11 20:58:07,504 - Error: Could not download file DSC_0445.JPG<class 'KeyboardInterrupt'>

2019-03-11 20:58:07,505 - Downloading, DSC_0444.JPG
2019-03-11 20:58:07,589 - Error: Could not download file DSC_0444.JPG<class 'KeyboardInterrupt'>

2019-03-11 20:58:07,589 - Downloading, DSC_0443.JPG
2019-03-11 20:58:07,672 - Error: Could not download file DSC_0443.JPG<class 'KeyboardInterrupt'>

2019-03-11 20:58:07,672 - Downloading, DSC_0442.JPG
2019-03-11 20:58:07,757 - Error: Could not download file DSC_0442.JPG<class 'KeyboardInterrupt'>

2019-03-11 20:58:07,757 - Downloading, DSC_0441.JPG
2019-03-11 20:58:07,841 - Error: Could not download file DSC_0441.JPG<class 'KeyboardInterrupt'>

2019-03-11 20:58:07,841 - Downloading, DSC_0440.JPG
2019-03-11 20:58:07,925 - Error: Could not download file DSC_0440.JPG<class 'KeyboardInterrupt'>

2019-03-11 20:58:07,925 - Downloading, DSC_0439.JPG
2019-03-11 20:58:08,009 - Error: Could not download file DSC_0439.JPG<class 'KeyboardInterrupt'>

2019-03-11 20:58:08,010 - Downloading, DSC_0438.JPG
2019-03-11 20:58:08,092 - Error: Could not download file DSC_0438.JPG<class 'KeyboardInterrupt'>

2019-03-11 20:58:08,092 - Downloading, DSC_0437.JPG
2019-03-11 20:58:08,176 - Error: Could not download file DSC_0437.JPG<class 'KeyboardInterrupt'>

2019-03-11 20:58:08,176 - Downloading, DSC_0436.JPG
2019-03-11 20:58:08,259 - Error: Could not download file DSC_0436.JPG<class 'KeyboardInterrupt'>

2019-03-11 20:58:08,260 - Downloading, DSC_0435.JPG
2019-03-11 20:58:08,345 - Error: Could not download file DSC_0435.JPG<class 'KeyboardInterrupt'>

2019-03-11 20:58:08,345 - Downloading, DSC_0434.JPG
2019-03-11 20:58:08,428 - Error: Could not download file DSC_0434.JPG<class 'KeyboardInterrupt'>

2019-03-11 20:58:08,429 - Downloading, DSC_0433.JPG
2019-03-11 20:58:08,511 - Error: Could not download file DSC_0433.JPG<class 'KeyboardInterrupt'>

2019-03-11 20:58:08,512 - Downloading, DSC_0432.JPG
2019-03-11 20:58:08,594 - Error: Could not download file DSC_0432.JPG<class 'KeyboardInterrupt'>

2019-03-11 20:58:08,595 - Downloading, DSC_0431.JPG
2019-03-11 20:58:08,678 - Error: Could not download file DSC_0431.JPG<class 'KeyboardInterrupt'>

2019-03-11 20:58:08,678 - Downloading, DSC_0430.JPG
2019-03-11 20:58:08,761 - Error: Could not download file DSC_0430.JPG<class 'KeyboardInterrupt'>

2019-03-11 20:58:08,762 - Downloading, DSC_0429.JPG
2019-03-11 20:58:08,845 - Error: Could not download file DSC_0429.JPG<class 'KeyboardInterrupt'>

2019-03-11 20:58:08,845 - Downloading, DSC_0428.JPG
2019-03-11 20:58:08,927 - Error: Could not download file DSC_0428.JPG<class 'KeyboardInterrupt'>

2019-03-11 20:58:08,928 - Downloading, DSC_0427.JPG
2019-03-11 20:58:09,010 - Error: Could not download file DSC_0427.JPG<class 'KeyboardInterrupt'>

2019-03-11 20:58:09,011 - Downloading, DSC_0426.JPG
2019-03-11 20:58:09,094 - Error: Could not download file DSC_0426.JPG<class 'KeyboardInterrupt'>

2019-03-11 20:58:09,095 - Downloading, DSC_0425.JPG
2019-03-11 20:58:09,177 - Error: Could not download file DSC_0425.JPG<class 'KeyboardInterrupt'>

2019-03-11 20:58:09,178 - Downloading, DSC_0424.JPG
2019-03-11 20:58:09,261 - Error: Could not download file DSC_0424.JPG<class 'KeyboardInterrupt'>

2019-03-11 20:58:09,261 - Downloading, DSC_0423.JPG
2019-03-11 20:58:09,344 - Error: Could not download file DSC_0423.JPG<class 'KeyboardInterrupt'>

2019-03-11 20:58:09,344 - Downloading, DSC_0422.JPG
2019-03-11 20:58:09,427 - Error: Could not download file DSC_0422.JPG<class 'KeyboardInterrupt'>

2019-03-11 20:58:09,427 - Downloading, DSC_0421.JPG
2019-03-11 20:58:09,510 - Error: Could not download file DSC_0421.JPG<class 'KeyboardInterrupt'>

2019-03-11 20:58:09,511 - Downloading, DSC_0420.JPG
2019-03-11 20:58:09,593 - Error: Could not download file DSC_0420.JPG<class 'KeyboardInterrupt'>

2019-03-11 20:58:09,594 - Downloading, DSC_0419.JPG
2019-03-11 20:58:09,676 - Error: Could not download file DSC_0419.JPG<class 'KeyboardInterrupt'>

2019-03-11 20:58:09,676 - Downloading, DSC_0418.JPG
2019-03-11 20:58:09,759 - Error: Could not download file DSC_0418.JPG<class 'KeyboardInterrupt'>

2019-03-11 20:58:09,760 - Downloading, DSC_0417.JPG
2019-03-11 20:58:09,843 - Error: Could not download file DSC_0417.JPG<class 'KeyboardInterrupt'>

2019-03-11 20:58:09,843 - Downloading, DSC_0416.JPG
2019-03-11 20:58:09,926 - Error: Could not download file DSC_0416.JPG<class 'KeyboardInterrupt'>

2019-03-11 20:58:09,927 - Downloading, DSC_0415.JPG
2019-03-11 20:58:10,009 - Error: Could not download file DSC_0415.JPG<class 'KeyboardInterrupt'>

2019-03-11 20:58:10,010 - Downloading, DSC_0414.JPG
2019-03-11 20:58:10,093 - Error: Could not download file DSC_0414.JPG<class 'KeyboardInterrupt'>

2019-03-11 20:58:10,093 - Downloading, DSC_0413.JPG
2019-03-11 20:58:10,176 - Error: Could not download file DSC_0413.JPG<class 'KeyboardInterrupt'>

2019-03-11 20:58:10,176 - Downloading, DSC_0412.JPG
2019-03-11 20:58:10,258 - Error: Could not download file DSC_0412.JPG<class 'KeyboardInterrupt'>

2019-03-11 20:58:10,259 - Downloading, DSC_0411.JPG
2019-03-11 20:58:10,342 - Error: Could not download file DSC_0411.JPG<class 'KeyboardInterrupt'>

2019-03-11 20:58:10,342 - Downloading, DSC_0410.JPG
2019-03-11 20:58:10,425 - Error: Could not download file DSC_0410.JPG<class 'KeyboardInterrupt'>

2019-03-11 20:58:10,426 - Downloading, DSC_0409.JPG
2019-03-11 20:58:10,508 - Error: Could not download file DSC_0409.JPG<class 'KeyboardInterrupt'>

2019-03-11 20:58:10,509 - Downloading, DSC_0408.JPG
2019-03-11 20:58:10,592 - Error: Could not download file DSC_0408.JPG<class 'KeyboardInterrupt'>

2019-03-11 20:58:10,592 - Downloading, DSC_0407.JPG
2019-03-11 20:58:10,675 - Error: Could not download file DSC_0407.JPG<class 'KeyboardInterrupt'>

2019-03-11 20:58:10,675 - Downloading, DSC_0406.JPG
2019-03-11 20:58:10,758 - Error: Could not download file DSC_0406.JPG<class 'KeyboardInterrupt'>

2019-03-11 20:58:10,759 - Downloading, DSC_0405.JPG
2019-03-11 20:58:10,841 - Error: Could not download file DSC_0405.JPG<class 'KeyboardInterrupt'>

2019-03-11 20:58:10,841 - Downloading, DSC_0404.JPG
2019-03-11 20:58:10,925 - Error: Could not download file DSC_0404.JPG<class 'KeyboardInterrupt'>

2019-03-11 20:58:10,925 - Downloading, DSC_0403.JPG
2019-03-11 20:58:11,008 - Error: Could not download file DSC_0403.JPG<class 'KeyboardInterrupt'>

2019-03-11 20:58:11,008 - Downloading, DSC_0402.JPG
2019-03-11 20:58:11,092 - Error: Could not download file DSC_0402.JPG<class 'KeyboardInterrupt'>

2019-03-11 20:58:11,092 - Downloading, DSC_0401.JPG
2019-03-11 20:58:11,176 - Error: Could not download file DSC_0401.JPG<class 'KeyboardInterrupt'>

2019-03-11 20:58:11,176 - Downloading, DSC_0400.JPG
2019-03-11 20:58:11,260 - Error: Could not download file DSC_0400.JPG<class 'KeyboardInterrupt'>

2019-03-11 20:58:11,260 - Downloading, DSC_0399.JPG
2019-03-11 20:58:11,343 - Error: Could not download file DSC_0399.JPG<class 'KeyboardInterrupt'>

2019-03-11 20:58:11,343 - Downloading, DSC_0398.JPG
2019-03-11 20:58:11,427 - Error: Could not download file DSC_0398.JPG<class 'KeyboardInterrupt'>

2019-03-11 20:58:11,428 - Downloading, DSC_0397.JPG
2019-03-11 20:58:11,511 - Error: Could not download file DSC_0397.JPG<class 'KeyboardInterrupt'>

2019-03-11 20:58:11,512 - Downloading, DSC_0396.JPG
2019-03-11 20:58:11,595 - Error: Could not download file DSC_0396.JPG<class 'KeyboardInterrupt'>

2019-03-11 20:58:11,595 - Downloading, DSC_0395.JPG
2019-03-11 20:58:11,678 - Error: Could not download file DSC_0395.JPG<class 'KeyboardInterrupt'>

2019-03-11 20:58:11,679 - Downloading, DSC_0394.JPG
2019-03-11 20:58:11,762 - Error: Could not download file DSC_0394.JPG<class 'KeyboardInterrupt'>

2019-03-11 20:58:11,762 - Downloading, DSC_0393.JPG
2019-03-11 20:58:11,845 - Error: Could not download file DSC_0393.JPG<class 'KeyboardInterrupt'>

2019-03-11 20:58:11,845 - Downloading, DSC_0392.JPG
2019-03-11 20:58:11,929 - Error: Could not download file DSC_0392.JPG<class 'KeyboardInterrupt'>

2019-03-11 20:58:11,929 - Downloading, DSC_0391.JPG
2019-03-11 20:58:12,013 - Error: Could not download file DSC_0391.JPG<class 'KeyboardInterrupt'>

2019-03-11 20:58:12,013 - Downloading, DSC_0390.JPG
2019-03-11 20:58:12,097 - Error: Could not download file DSC_0390.JPG<class 'KeyboardInterrupt'>

2019-03-11 20:58:12,097 - Downloading, DSC_0389.JPG
2019-03-11 20:58:12,180 - Error: Could not download file DSC_0389.JPG<class 'KeyboardInterrupt'>

2019-03-11 20:58:12,181 - Downloading, DSC_0388.JPG
2019-03-11 20:58:12,265 - Error: Could not download file DSC_0388.JPG<class 'KeyboardInterrupt'>

2019-03-11 20:58:12,265 - Downloading, DSC_0387.JPG
2019-03-11 20:58:12,348 - Error: Could not download file DSC_0387.JPG<class 'KeyboardInterrupt'>

2019-03-11 20:58:12,349 - Downloading, DSC_0386.JPG
2019-03-11 20:58:12,433 - Error: Could not download file DSC_0386.JPG<class 'KeyboardInterrupt'>

2019-03-11 20:58:12,434 - Downloading, DSC_0385.JPG
2019-03-11 20:58:12,517 - Error: Could not download file DSC_0385.JPG<class 'KeyboardInterrupt'>

2019-03-11 20:58:12,518 - Downloading, DSC_0384.JPG
2019-03-11 20:58:12,601 - Error: Could not download file DSC_0384.JPG<class 'KeyboardInterrupt'>

2019-03-11 20:58:12,602 - Downloading, DSC_0383.JPG
2019-03-11 20:58:12,685 - Error: Could not download file DSC_0383.JPG<class 'KeyboardInterrupt'>

2019-03-11 20:58:12,686 - Downloading, DSC_0382.JPG
2019-03-11 20:58:12,769 - Error: Could not download file DSC_0382.JPG<class 'KeyboardInterrupt'>

2019-03-11 20:58:12,769 - Downloading, DSC_0381.JPG
2019-03-11 20:58:12,853 - Error: Could not download file DSC_0381.JPG<class 'KeyboardInterrupt'>

2019-03-11 20:58:12,853 - Downloading, DSC_0380.JPG
2019-03-11 20:58:12,937 - Error: Could not download file DSC_0380.JPG<class 'KeyboardInterrupt'>

2019-03-11 20:58:12,938 - Downloading, DSC_0379.JPG
2019-03-11 20:58:13,021 - Error: Could not download file DSC_0379.JPG<class 'KeyboardInterrupt'>

2019-03-11 20:58:13,022 - Downloading, DSC_0378.JPG
2019-03-11 20:58:13,105 - Error: Could not download file DSC_0378.JPG<class 'KeyboardInterrupt'>

2019-03-11 20:58:13,106 - Downloading, DSC_0377.JPG
2019-03-11 20:58:13,188 - Error: Could not download file DSC_0377.JPG<class 'KeyboardInterrupt'>

2019-03-11 20:58:13,188 - Downloading, DSC_0376.JPG
2019-03-11 20:58:13,272 - Error: Could not download file DSC_0376.JPG<class 'KeyboardInterrupt'>

2019-03-11 20:58:13,272 - Downloading, DSC_0375.JPG
2019-03-11 20:58:13,354 - Error: Could not download file DSC_0375.JPG<class 'KeyboardInterrupt'>

2019-03-11 20:58:13,354 - Downloading, DSC_0374.JPG
2019-03-11 20:58:13,438 - Error: Could not download file DSC_0374.JPG<class 'KeyboardInterrupt'>

2019-03-11 20:58:13,438 - Downloading, DSC_0373.JPG
2019-03-11 20:58:13,521 - Error: Could not download file DSC_0373.JPG<class 'KeyboardInterrupt'>

2019-03-11 20:58:13,522 - Downloading, DSC_0372.JPG
2019-03-11 20:58:13,604 - Error: Could not download file DSC_0372.JPG<class 'KeyboardInterrupt'>

2019-03-11 20:58:13,605 - Downloading, DSC_0371.JPG
2019-03-11 20:58:13,688 - Error: Could not download file DSC_0371.JPG<class 'KeyboardInterrupt'>

2019-03-11 20:58:13,688 - Downloading, DSC_0370.JPG
2019-03-11 20:58:13,771 - Error: Could not download file DSC_0370.JPG<class 'KeyboardInterrupt'>

2019-03-11 20:58:13,771 - Downloading, DSC_0369.JPG
2019-03-11 20:58:13,854 - Error: Could not download file DSC_0369.JPG<class 'KeyboardInterrupt'>

2019-03-11 20:58:13,855 - Downloading, DSC_0368.JPG
2019-03-11 20:58:13,938 - Error: Could not download file DSC_0368.JPG<class 'KeyboardInterrupt'>

2019-03-11 20:58:13,939 - Downloading, DSC_0367.JPG
2019-03-11 20:58:14,021 - Error: Could not download file DSC_0367.JPG<class 'KeyboardInterrupt'>

2019-03-11 20:58:14,021 - Downloading, DSC_0366.JPG
2019-03-11 20:58:14,106 - Error: Could not download file DSC_0366.JPG<class 'KeyboardInterrupt'>

2019-03-11 20:58:14,106 - Downloading, DSC_0365.JPG
2019-03-11 20:58:14,190 - Error: Could not download file DSC_0365.JPG<class 'KeyboardInterrupt'>

2019-03-11 20:58:14,190 - Downloading, DSC_0364.JPG
2019-03-11 20:58:14,274 - Error: Could not download file DSC_0364.JPG<class 'KeyboardInterrupt'>

2019-03-11 20:58:14,274 - Downloading, DSC_0363.JPG
2019-03-11 20:58:14,358 - Error: Could not download file DSC_0363.JPG<class 'KeyboardInterrupt'>

2019-03-11 20:58:14,358 - Downloading, DSC_0362.JPG
2019-03-11 20:58:14,442 - Error: Could not download file DSC_0362.JPG<class 'KeyboardInterrupt'>

2019-03-11 20:58:14,442 - Downloading, DSC_0361.JPG
2019-03-11 20:58:14,525 - Error: Could not download file DSC_0361.JPG<class 'KeyboardInterrupt'>

2019-03-11 20:58:14,526 - Downloading, DSC_0360.JPG
2019-03-11 20:58:14,609 - Error: Could not download file DSC_0360.JPG<class 'KeyboardInterrupt'>

2019-03-11 20:58:14,609 - Downloading, DSC_0359.JPG
2019-03-11 20:58:14,693 - Error: Could not download file DSC_0359.JPG<class 'KeyboardInterrupt'>

2019-03-11 20:58:14,694 - Downloading, DSC_0358.JPG
2019-03-11 20:58:14,778 - Error: Could not download file DSC_0358.JPG<class 'KeyboardInterrupt'>

2019-03-11 20:58:14,778 - Downloading, DSC_0357.JPG
2019-03-11 20:58:14,862 - Error: Could not download file DSC_0357.JPG<class 'KeyboardInterrupt'>

2019-03-11 20:58:14,862 - Downloading, DSC_0356.JPG
2019-03-11 20:58:14,946 - Error: Could not download file DSC_0356.JPG<class 'KeyboardInterrupt'>

2019-03-11 20:58:14,946 - Downloading, DSC_0355.JPG
2019-03-11 20:58:15,030 - Error: Could not download file DSC_0355.JPG<class 'KeyboardInterrupt'>

2019-03-11 20:58:15,030 - Downloading, DSC_0354.JPG
2019-03-11 20:58:15,111 - Error: Could not download file DSC_0354.JPG<class 'KeyboardInterrupt'>

2019-03-11 20:58:15,112 - Downloading, DSC_0353.JPG
2019-03-11 20:58:15,197 - Error: Could not download file DSC_0353.JPG<class 'KeyboardInterrupt'>

2019-03-11 20:58:15,197 - Downloading, DSC_0352.JPG
2019-03-11 20:58:15,281 - Error: Could not download file DSC_0352.JPG<class 'KeyboardInterrupt'>

2019-03-11 20:58:15,281 - Downloading, DSC_0351.JPG
2019-03-11 20:58:15,365 - Error: Could not download file DSC_0351.JPG<class 'KeyboardInterrupt'>

2019-03-11 20:58:15,365 - Downloading, DSC_0350.JPG
2019-03-11 20:58:15,449 - Error: Could not download file DSC_0350.JPG<class 'KeyboardInterrupt'>

2019-03-11 20:58:15,449 - Downloading, DSC_0349.JPG
2019-03-11 20:58:15,531 - Error: Could not download file DSC_0349.JPG<class 'KeyboardInterrupt'>

2019-03-11 20:58:15,532 - Downloading, DSC_0348.JPG
2019-03-11 20:58:15,615 - Error: Could not download file DSC_0348.JPG<class 'KeyboardInterrupt'>

2019-03-11 20:58:15,615 - Downloading, DSC_0347.JPG
2019-03-11 20:58:15,700 - Error: Could not download file DSC_0347.JPG<class 'KeyboardInterrupt'>

2019-03-11 20:58:15,700 - Downloading, DSC_0343.JPG
2019-03-11 20:58:15,808 - Error: Could not download file DSC_0343.JPG<class 'KeyboardInterrupt'>

2019-03-11 20:58:15,809 - Downloading, DSC_0342.JPG
2019-03-11 20:58:15,867 - Error: Could not download file DSC_0342.JPG<class 'KeyboardInterrupt'>

2019-03-11 20:58:15,868 - Downloading, DSC_0341.JPG
2019-03-11 20:58:15,951 - Error: Could not download file DSC_0341.JPG<class 'KeyboardInterrupt'>

2019-03-11 20:58:15,952 - Downloading, DSC_0340.JPG
2019-03-11 20:58:16,035 - Error: Could not download file DSC_0340.JPG<class 'KeyboardInterrupt'>

2019-03-11 20:58:16,036 - Downloading, DSC_0339.JPG
2019-03-11 20:58:16,119 - Error: Could not download file DSC_0339.JPG<class 'KeyboardInterrupt'>

2019-03-11 20:58:16,120 - Downloading, DSC_0338.JPG
2019-03-11 20:58:16,203 - Error: Could not download file DSC_0338.JPG<class 'KeyboardInterrupt'>

2019-03-11 20:58:16,204 - Downloading, DSC_0337.JPG
2019-03-11 20:58:16,287 - Error: Could not download file DSC_0337.JPG<class 'KeyboardInterrupt'>

2019-03-11 20:58:16,288 - Downloading, DSC_0336.JPG
2019-03-11 20:58:16,372 - Error: Could not download file DSC_0336.JPG<class 'KeyboardInterrupt'>

2019-03-11 20:58:16,372 - Downloading, DSC_0335.JPG
2019-03-11 20:58:16,455 - Error: Could not download file DSC_0335.JPG<class 'KeyboardInterrupt'>

2019-03-11 20:58:16,456 - Downloading, DSC_0334.JPG
2019-03-11 20:58:16,539 - Error: Could not download file DSC_0334.JPG<class 'KeyboardInterrupt'>

2019-03-11 20:58:16,540 - Downloading, DSC_0333.JPG
2019-03-11 20:58:16,623 - Error: Could not download file DSC_0333.JPG<class 'KeyboardInterrupt'>

2019-03-11 20:58:16,624 - Downloading, DSC_0332.JPG
2019-03-11 20:58:16,707 - Error: Could not download file DSC_0332.JPG<class 'KeyboardInterrupt'>

2019-03-11 20:58:16,708 - Downloading, DSC_0331.JPG
2019-03-11 20:58:16,791 - Error: Could not download file DSC_0331.JPG<class 'KeyboardInterrupt'>

2019-03-11 20:58:16,792 - Downloading, DSC_0330.JPG
2019-03-11 20:58:16,873 - Error: Could not download file DSC_0330.JPG<class 'KeyboardInterrupt'>

2019-03-11 20:58:16,874 - Downloading, DSC_0329.JPG
2019-03-11 20:58:16,958 - Error: Could not download file DSC_0329.JPG<class 'KeyboardInterrupt'>

2019-03-11 20:58:16,959 - Downloading, DSC_0328.JPG
2019-03-11 20:58:17,043 - Error: Could not download file DSC_0328.JPG<class 'KeyboardInterrupt'>

2019-03-11 20:58:17,043 - Downloading, DSC_0327.JPG
2019-03-11 20:58:17,128 - Error: Could not download file DSC_0327.JPG<class 'KeyboardInterrupt'>

2019-03-11 20:58:17,128 - Downloading, DSC_0326.JPG
2019-03-11 20:58:17,210 - Error: Could not download file DSC_0326.JPG<class 'KeyboardInterrupt'>

2019-03-11 20:58:17,211 - Downloading, DSC_0325.JPG
2019-03-11 20:58:17,295 - Error: Could not download file DSC_0325.JPG<class 'KeyboardInterrupt'>

2019-03-11 20:58:17,295 - Downloading, DSC_0324.JPG
2019-03-11 20:58:17,379 - Error: Could not download file DSC_0324.JPG<class 'KeyboardInterrupt'>

2019-03-11 20:58:17,379 - Downloading, DSC_0323.JPG
2019-03-11 20:58:17,462 - Error: Could not download file DSC_0323.JPG<class 'KeyboardInterrupt'>

2019-03-11 20:58:17,463 - Downloading, DSC_0322.JPG
2019-03-11 20:58:17,547 - Error: Could not download file DSC_0322.JPG<class 'KeyboardInterrupt'>

2019-03-11 20:58:17,547 - Downloading, DSC_0321.JPG
2019-03-11 20:58:17,631 - Error: Could not download file DSC_0321.JPG<class 'KeyboardInterrupt'>

2019-03-11 20:58:17,632 - Downloading, DSC_0320.JPG
2019-03-11 20:58:17,715 - Error: Could not download file DSC_0320.JPG<class 'KeyboardInterrupt'>

2019-03-11 20:58:17,716 - Downloading, DSC_0319.JPG
2019-03-11 20:58:17,799 - Error: Could not download file DSC_0319.JPG<class 'KeyboardInterrupt'>

2019-03-11 20:58:17,799 - Downloading, DSC_0318.JPG
2019-03-11 20:58:17,883 - Error: Could not download file DSC_0318.JPG<class 'KeyboardInterrupt'>

2019-03-11 20:58:17,884 - Downloading, DSC_0317.JPG
2019-03-11 20:58:17,966 - Error: Could not download file DSC_0317.JPG<class 'KeyboardInterrupt'>

2019-03-11 20:58:17,967 - Downloading, DSC_0316.JPG
2019-03-11 20:58:18,050 - Error: Could not download file DSC_0316.JPG<class 'KeyboardInterrupt'>

2019-03-11 20:58:18,050 - Downloading, DSC_0315.JPG
2019-03-11 20:58:18,133 - Error: Could not download file DSC_0315.JPG<class 'KeyboardInterrupt'>

2019-03-11 20:58:18,134 - Downloading, DSC_0314.JPG
2019-03-11 20:58:18,218 - Error: Could not download file DSC_0314.JPG<class 'KeyboardInterrupt'>

2019-03-11 20:58:18,218 - Downloading, DSC_0313.JPG
2019-03-11 20:58:18,301 - Error: Could not download file DSC_0313.JPG<class 'KeyboardInterrupt'>

2019-03-11 20:58:18,302 - Downloading, DSC_0312.JPG
2019-03-11 20:58:18,386 - Error: Could not download file DSC_0312.JPG<class 'KeyboardInterrupt'>

2019-03-11 20:58:18,386 - Downloading, DSC_0311.JPG
2019-03-11 20:58:18,469 - Error: Could not download file DSC_0311.JPG<class 'KeyboardInterrupt'>

2019-03-11 20:58:18,469 - Downloading, DSC_0310.JPG
2019-03-11 20:58:18,553 - Error: Could not download file DSC_0310.JPG<class 'KeyboardInterrupt'>

2019-03-11 20:58:18,554 - Downloading, DSC_0309.JPG
2019-03-11 20:58:18,635 - Error: Could not download file DSC_0309.JPG<class 'KeyboardInterrupt'>

2019-03-11 20:58:18,635 - Downloading, DSC_0308.JPG
2019-03-11 20:58:18,720 - Error: Could not download file DSC_0308.JPG<class 'KeyboardInterrupt'>

2019-03-11 20:58:18,721 - Downloading, DSC_0307.JPG
2019-03-11 20:58:18,804 - Error: Could not download file DSC_0307.JPG<class 'KeyboardInterrupt'>

2019-03-11 20:58:18,804 - Downloading, DSC_0306.JPG
2019-03-11 20:58:18,888 - Error: Could not download file DSC_0306.JPG<class 'KeyboardInterrupt'>

2019-03-11 20:58:18,888 - Downloading, DSC_0305.JPG
2019-03-11 20:58:18,971 - Error: Could not download file DSC_0305.JPG<class 'KeyboardInterrupt'>

2019-03-11 20:58:18,972 - Downloading, DSC_0304.JPG
2019-03-11 20:58:19,055 - Error: Could not download file DSC_0304.JPG<class 'KeyboardInterrupt'>

2019-03-11 20:58:19,055 - Downloading, DSC_0283.JPG
2019-03-11 20:58:19,140 - Error: Could not download file DSC_0283.JPG<class 'KeyboardInterrupt'>

