2019-03-12 14:53:35,359 - Drive2Local Log File
2019-03-12 14:53:52,377 - Downloading, PS2 present value.xls
2019-03-12 14:53:52,790 - Download complete, PS2 present value.xls

2019-03-12 14:53:52,790 - Downloading, asst1.txt
2019-03-12 14:53:53,191 - Download complete, asst1.txt

2019-03-12 14:53:53,191 - Downloading, CONTRIBUTING.txt
2019-03-12 14:53:53,498 - Download complete, CONTRIBUTING.txt

2019-03-12 14:53:53,499 - Downloading, CHANGELOG.txt
2019-03-12 14:53:54,012 - Download complete, CHANGELOG.txt

2019-03-12 14:53:54,012 - Downloading, LICENSE.txt
2019-03-12 14:53:54,337 - Download complete, LICENSE.txt

2019-03-12 14:53:54,338 - Downloading, text.txt
2019-03-12 14:53:54,829 - Download complete, text.txt

2019-03-12 14:53:54,829 - Downloading, pip3
2019-03-12 14:53:55,136 - Download complete, pip3

2019-03-12 14:53:55,136 - Downloading, pip
2019-03-12 14:53:55,546 - Download complete, pip

2019-03-12 14:53:55,546 - Downloading, pip3.6
2019-03-12 14:53:55,852 - Download complete, pip3.6

2019-03-12 14:53:55,852 - Downloading, SOURCES.txt
2019-03-12 14:53:56,364 - Download complete, SOURCES.txt

2019-03-12 14:53:56,364 - Downloading, dependency_links.txt
2019-03-12 14:53:56,773 - Download complete, dependency_links.txt

2019-03-12 14:53:56,773 - Downloading, not-zip-safe
2019-03-12 14:53:57,065 - Download complete, not-zip-safe

2019-03-12 14:53:57,066 - Downloading, entry_points.txt
2019-03-12 14:53:57,389 - Download complete, entry_points.txt

2019-03-12 14:53:57,389 - Downloading, top_level.txt
2019-03-12 14:53:57,798 - Download complete, top_level.txt

2019-03-12 14:53:57,799 - Downloading, requires.txt
2019-03-12 14:53:58,208 - Download complete, requires.txt

2019-03-12 14:53:58,208 - Downloading, PKG-INFO
2019-03-12 14:53:58,515 - Download complete, PKG-INFO

2019-03-12 14:53:58,516 - Downloading, easy_install-3.6
2019-03-12 14:53:58,823 - Download complete, easy_install-3.6

2019-03-12 14:53:58,823 - Downloading, easy_install
2019-03-12 14:53:59,130 - Download complete, easy_install

2019-03-12 14:53:59,130 - Downloading, python
2019-03-12 14:53:59,542 - Download complete, python

2019-03-12 14:53:59,542 - Downloading, activate
2019-03-12 14:53:59,949 - Download complete, activate

2019-03-12 14:53:59,949 - Downloading, python3.6
2019-03-12 14:54:00,197 - Download complete, python3.6

2019-03-12 14:54:00,197 - Downloading, python3
2019-03-12 14:54:00,451 - Download complete, python3

2019-03-12 14:54:00,451 - Downloading, .gitignore
2019-03-12 14:54:00,731 - Download complete, .gitignore

2019-03-12 14:54:00,732 - Downloading, requirements.txt
2019-03-12 14:54:01,177 - Download complete, requirements.txt

2019-03-12 14:54:01,178 - Downloading, Contents.txt
2019-03-12 14:54:01,588 - Download complete, Contents.txt

2019-03-12 14:54:01,588 - Downloading, asst6CrestonWilson.txt
2019-03-12 14:54:01,894 - Download complete, asst6CrestonWilson.txt

2019-03-12 14:54:01,895 - Downloading, asst5CrestonWilson.txt
2019-03-12 14:54:02,202 - Download complete, asst5CrestonWilson.txt

2019-03-12 14:54:02,202 - Downloading, Summary.txt
2019-03-12 14:54:02,509 - Download complete, Summary.txt

2019-03-12 14:54:02,509 - Downloading, connectionData.txt
2019-03-12 14:54:03,020 - Download complete, connectionData.txt

2019-03-12 14:54:03,021 - Downloading, findCustState.txt
2019-03-12 14:54:03,433 - Download complete, findCustState.txt

2019-03-12 14:54:03,433 - Downloading, findCust.txt
2019-03-12 14:54:03,799 - Download complete, findCust.txt

2019-03-12 14:54:03,799 - Downloading, Makefile
2019-03-12 14:54:04,147 - Download complete, Makefile

2019-03-12 14:54:04,147 - Downloading, testprgms
2019-03-12 14:54:04,444 - Download complete, testprgms

2019-03-12 14:54:04,444 - Downloading, Makefile
2019-03-12 14:54:04,762 - Download complete, Makefile

2019-03-12 14:54:04,762 - Downloading, asst3CrestonWilson.txt
2019-03-12 14:54:05,072 - Download complete, asst3CrestonWilson.txt

2019-03-12 14:54:05,073 - Downloading, assignment2CrestonWilson.txt
2019-03-12 14:54:05,407 - Download complete, assignment2CrestonWilson.txt

2019-03-12 14:54:05,407 - Downloading, assignment1CrestonWilson.txt
2019-03-12 14:54:06,093 - Download complete, assignment1CrestonWilson.txt

2019-03-12 14:54:06,094 - Downloading, asst1CrestonWilson.txt
2019-03-12 14:54:06,501 - Download complete, asst1CrestonWilson.txt

2019-03-12 14:54:06,502 - Downloading, master
2019-03-12 14:54:06,911 - Download complete, master

2019-03-12 14:54:06,912 - Downloading, master
2019-03-12 14:54:07,423 - Download complete, master

2019-03-12 14:54:07,424 - Downloading, master
2019-03-12 14:54:07,730 - Download complete, master

2019-03-12 14:54:07,731 - Downloading, index
2019-03-12 14:54:08,140 - Download complete, index

2019-03-12 14:54:08,141 - Downloading, master
2019-03-12 14:54:08,652 - Download complete, master

2019-03-12 14:54:08,652 - Downloading, 31b00429769d3228559d01146011e5ef088bff
2019-03-12 14:54:09,062 - Download complete, 31b00429769d3228559d01146011e5ef088bff

2019-03-12 14:54:09,062 - Downloading, dc3ef12a2f816f638276a075c9b88c7a458b0a
2019-03-12 14:54:09,472 - Download complete, dc3ef12a2f816f638276a075c9b88c7a458b0a

2019-03-12 14:54:09,472 - Downloading, 9de29bb2d1d6434b8b29ae775ad8c2e48c5391
2019-03-12 14:54:09,799 - Download complete, 9de29bb2d1d6434b8b29ae775ad8c2e48c5391

2019-03-12 14:54:09,799 - Downloading, COMMIT_EDITMSG
2019-03-12 14:54:10,128 - Download complete, COMMIT_EDITMSG

2019-03-12 14:54:10,128 - Downloading, HEAD
2019-03-12 14:54:10,393 - Download complete, HEAD

2019-03-12 14:54:10,393 - Downloading, a337289a1aa82e178c5dd065ea213eb6b487f4
2019-03-12 14:54:10,700 - Download complete, a337289a1aa82e178c5dd065ea213eb6b487f4

2019-03-12 14:54:10,700 - Downloading, testfile
2019-03-12 14:54:10,889 - Error: Could not download file testfile<class 'googleapiclient.errors.HttpError'>

2019-03-12 14:54:10,890 - Downloading, config
2019-03-12 14:54:11,212 - Download complete, config

2019-03-12 14:54:11,212 - Downloading, HEAD
2019-03-12 14:54:11,519 - Download complete, HEAD

2019-03-12 14:54:11,519 - Downloading, HEAD
2019-03-12 14:54:12,134 - Download complete, HEAD

2019-03-12 14:54:12,134 - Downloading, 0808c8056a2f4fd1b728684b49811fa67866ee
2019-03-12 14:54:12,441 - Download complete, 0808c8056a2f4fd1b728684b49811fa67866ee

2019-03-12 14:54:12,442 - Downloading, packed-refs
2019-03-12 14:54:12,851 - Download complete, packed-refs

2019-03-12 14:54:12,851 - Downloading, b4b93617642fa460545c38e34cca13f3b5f098
2019-03-12 14:54:13,158 - Download complete, b4b93617642fa460545c38e34cca13f3b5f098

2019-03-12 14:54:13,158 - Downloading, eff9690e76275603fd70b1aff5d26df5cdde19
2019-03-12 14:54:13,471 - Download complete, eff9690e76275603fd70b1aff5d26df5cdde19

2019-03-12 14:54:13,471 - Downloading, HEAD
2019-03-12 14:54:13,773 - Download complete, HEAD

2019-03-12 14:54:13,773 - Downloading, exclude
2019-03-12 14:54:14,181 - Download complete, exclude

2019-03-12 14:54:14,182 - Downloading, description
2019-03-12 14:54:14,693 - Download complete, description

2019-03-12 14:54:14,727 - No old backups found.

2019-03-12 14:54:14,727 - Backup Complete
